Flutter crash report.
Please report a bug at https://github.com/flutter/flutter/issues.

## command

flutter run -d AG5HBB4C17102313

## exception

RPCError: _createDevFS: (1001) File system already exists
_createDevFS: file system 'organization_app_starter' already exists

```
#0      new _OutstandingRequest (package:vm_service/src/vm_service.dart:268:34)
#1      VmService._call.<anonymous closure> (package:vm_service/src/vm_service.dart:1950:25)
#2      VmService._call (package:vm_service/src/vm_service.dart:1962:8)
#3      VmService.callServiceExtension (package:vm_service/src/vm_service.dart:1901:14)
#4      FlutterVmService.createDevFS (package:flutter_tools/src/vmservice.dart:933:20)
#5      DevFS.create (package:flutter_tools/src/devfs.dart:536:61)
<asynchronous suspension>
#6      HotRunner._initDevFS (package:flutter_tools/src/run_hot.dart:488:9)
<asynchronous suspension>
#7      HotRunner._attach (package:flutter_tools/src/run_hot.dart:286:35)
<asynchronous suspension>
#8      RunCommand.runCommand (package:flutter_tools/src/commands/run.dart:904:26)
<asynchronous suspension>
#9      FlutterCommand.run.<anonymous closure> (package:flutter_tools/src/runner/flutter_command.dart:1590:27)
<asynchronous suspension>
#10     AppContext.run.<anonymous closure> (package:flutter_tools/src/base/context.dart:154:19)
<asynchronous suspension>
#11     CommandRunner.runCommand (package:args/command_runner.dart:212:13)
<asynchronous suspension>
#12     FlutterCommandRunner.runCommand.<anonymous closure> (package:flutter_tools/src/runner/flutter_command_runner.dart:496:9)
<asynchronous suspension>
#13     AppContext.run.<anonymous closure> (package:flutter_tools/src/base/context.dart:154:19)
<asynchronous suspension>
#14     FlutterCommandRunner.runCommand (package:flutter_tools/src/runner/flutter_command_runner.dart:431:5)
<asynchronous suspension>
#15     FlutterCommandRunner.run.<anonymous closure> (package:flutter_tools/src/runner/flutter_command_runner.dart:307:33)
<asynchronous suspension>
#16     run.<anonymous closure>.<anonymous closure> (package:flutter_tools/runner.dart:104:11)
<asynchronous suspension>
#17     AppContext.run.<anonymous closure> (package:flutter_tools/src/base/context.dart:154:19)
<asynchronous suspension>
#18     main (package:flutter_tools/executable.dart:103:3)
<asynchronous suspension>
```

## flutter doctor

```
[✓] Flutter (Channel stable, 3.41.1, on macOS 26.5.1 25F80 darwin-arm64, locale en-MX) [48ms]
    • Flutter version 3.41.1 on channel stable at /Users/isaiasmc/development/flutter
    • Upstream repository https://github.com/flutter/flutter.git
    • Framework revision 582a0e7c55 (4 months ago), 2026-02-12 17:12:32 -0800
    • Engine revision 3452d735bd
    • Dart version 3.11.0
    • DevTools version 2.54.1
    • Feature flags: enable-web, enable-linux-desktop, enable-macos-desktop, enable-windows-desktop, enable-android, enable-ios, cli-animations, enable-native-assets, omit-legacy-version-file, enable-lldb-debugging, enable-uiscene-migration

[✓] Android toolchain - develop for Android devices (Android SDK version 36.1.0) [1,786ms]
    • Android SDK at /Users/isaiasmc/Library/Android/sdk
    • Emulator version 36.5.11.0 (build_id 15261927) (CL:N/A)
    • Platform android-36.1, build-tools 36.1.0
    • ANDROID_HOME = /Users/isaiasmc/Library/Android/sdk
    • ANDROID_SDK_ROOT = /Users/isaiasmc/Library/Android/sdk
    • Java binary at: /Applications/Android Studio.app/Contents/jbr/Contents/Home/bin/java
      This is the JDK bundled with the latest Android Studio installation on this machine.
      To manually set the JDK path, use: `flutter config --jdk-dir="path/to/jdk"`.
    • Java version OpenJDK Runtime Environment (build 21.0.10+-117844308-b1163.108)
    • All Android licenses accepted.

[✓] Xcode - develop for iOS and macOS (Xcode 26.2) [1,186ms]
    • Xcode at /Applications/Xcode.app/Contents/Developer
    • Build 17C52
    • CocoaPods version 1.16.2

[✓] Chrome - develop for the web [1ms]
    • Chrome at /Applications/Google Chrome.app/Contents/MacOS/Google Chrome

[✓] Connected device (6 available) [6.9s]
    • ALT LX3 (mobile)                    • AG5HBB4C17102313                     • android-arm64  • Android 14 (API 34)
    • Pixel Tablet (mobile)               • emulator-5554                        • android-arm64  • Android 15 (API 35) (emulator)
    • iPhone de Birdy (wireless) (mobile) • 00008110-0018298E0E29801E            • ios            • iOS 26.5 23F77
    • iPad Air 13-inch (M3) (mobile)      • C603A4A8-2469-4653-9AFD-BA6C734AC48B • ios            • com.apple.CoreSimulator.SimRuntime.iOS-26-2 (simulator)
    • macOS (desktop)                     • macos                                • darwin-arm64   • macOS 26.5.1 25F80 darwin-arm64
    • Chrome (web)                        • chrome                               • web-javascript • Google Chrome 149.0.7827.115
    ! Error: Browsing on the local area network for Apple Watch de Birdy. Ensure the device is unlocked and discoverable via Bluetooth. (code -27)

[✓] Network resources [360ms]
    • All expected network resources are available.

• No issues found!
```
